<?xml version="1.0" encoding="UTF-8"?>
<!-- Generated by org.testng.reporters.JUnitReportReporter -->
<testsuite skipped="0" hostname="kashmivm" name="com.leadgain.Test1" tests="2" failures="0" timestamp="24 Sep 2018 09:35:56 GMT" time="0.003" errors="0">
  <testcase name="testNewT" time="0.001" classname="com.leadgain.Test1"/>
  <testcase name="testOldT" time="0.002" classname="com.leadgain.Test1"/>
</testsuite> <!-- com.leadgain.Test1 -->
