<?xml version="1.0" encoding="UTF-8"?>
<!-- Generated by org.testng.reporters.JUnitReportReporter -->
<testsuite skipped="0" hostname="kashmivm" name="com.leadgain1.test2" tests="2" failures="0" timestamp="24 Sep 2018 09:35:56 GMT" time="0.004" errors="0">
  <testcase name="testNew" time="0.001" classname="com.leadgain1.test2"/>
  <testcase name="testOld" time="0.003" classname="com.leadgain1.test2"/>
</testsuite> <!-- com.leadgain1.test2 -->
